<?xml version="1.0" encoding="UTF-8"?>
<!-- Generated by org.testng.reporters.JUnitXMLReporter -->
<testsuite ignored="4" hostname="LAPTOP-NCU2H6H5" failures="0" tests="2" name="Test" time="54.326" errors="0" timestamp="2022-01-19T09:57:49 IST">
  <testcase classname="contactTest.ViewContactTest" name="EditContact" time="16.243"/>
  <testcase classname="contactTest.EditContactTest" name="ViewContact" time="7.485"/>
  <testcase classname="com.crm.comcast.GenericUtility.BaseClass" name="@BeforeSuite configBs" time="0.0">
    <ignored/>
  </testcase> <!-- @BeforeSuite configBs -->
  <testcase classname="contactTest.ViewContactTest" name="ViewContact" time="0.0">
    <ignored/>
  </testcase> <!-- ViewContact -->
  <testcase classname="contactTest.EditContactTest" name="EditContact" time="0.0">
    <ignored/>
  </testcase> <!-- EditContact -->
  <testcase classname="com.crm.comcast.GenericUtility.BaseClass" name="@AfterSuite configAs" time="0.0">
    <ignored/>
  </testcase> <!-- @AfterSuite configAs -->
</testsuite> <!-- Test -->
